

Started GET "/" for 127.0.0.1 at 2015-02-24 20:48:28 -0800

ActiveRecord::PendingMigrationError (

Migrations are pending. To resolve this issue, run:

	bin/rake db:migrate RAILS_ENV=development

):
  activerecord (4.1.5) lib/active_record/migration.rb:389:in `check_pending!'
  activerecord (4.1.5) lib/active_record/migration.rb:377:in `call'
  actionpack (4.1.5) lib/action_dispatch/middleware/callbacks.rb:29:in `block in call'
  activesupport (4.1.5) lib/active_support/callbacks.rb:82:in `run_callbacks'
  actionpack (4.1.5) lib/action_dispatch/middleware/callbacks.rb:27:in `call'
  actionpack (4.1.5) lib/action_dispatch/middleware/reloader.rb:73:in `call'
  actionpack (4.1.5) lib/action_dispatch/middleware/remote_ip.rb:76:in `call'
  actionpack (4.1.5) lib/action_dispatch/middleware/debug_exceptions.rb:17:in `call'
  actionpack (4.1.5) lib/action_dispatch/middleware/show_exceptions.rb:30:in `call'
  railties (4.1.5) lib/rails/rack/logger.rb:38:in `call_app'
  railties (4.1.5) lib/rails/rack/logger.rb:20:in `block in call'
  activesupport (4.1.5) lib/active_support/tagged_logging.rb:68:in `block in tagged'
  activesupport (4.1.5) lib/active_support/tagged_logging.rb:26:in `tagged'
  activesupport (4.1.5) lib/active_support/tagged_logging.rb:68:in `tagged'
  railties (4.1.5) lib/rails/rack/logger.rb:20:in `call'
  actionpack (4.1.5) lib/action_dispatch/middleware/request_id.rb:21:in `call'
  rack (1.5.2) lib/rack/methodoverride.rb:21:in `call'
  rack (1.5.2) lib/rack/runtime.rb:17:in `call'
  activesupport (4.1.5) lib/active_support/cache/strategy/local_cache_middleware.rb:26:in `call'
  rack (1.5.2) lib/rack/lock.rb:17:in `call'
  actionpack (4.1.5) lib/action_dispatch/middleware/static.rb:64:in `call'
  rack (1.5.2) lib/rack/sendfile.rb:112:in `call'
  railties (4.1.5) lib/rails/engine.rb:514:in `call'
  railties (4.1.5) lib/rails/application.rb:144:in `call'
  rack (1.5.2) lib/rack/lock.rb:17:in `call'
  rack (1.5.2) lib/rack/content_length.rb:14:in `call'
  rack (1.5.2) lib/rack/handler/webrick.rb:60:in `service'
  /Users/Hefe/.rvm/rubies/ruby-2.1.5/lib/ruby/2.1.0/webrick/httpserver.rb:138:in `service'
  /Users/Hefe/.rvm/rubies/ruby-2.1.5/lib/ruby/2.1.0/webrick/httpserver.rb:94:in `run'
  /Users/Hefe/.rvm/rubies/ruby-2.1.5/lib/ruby/2.1.0/webrick/server.rb:295:in `block in start_thread'


  Rendered /Users/Hefe/.rvm/gems/ruby-2.1.5/gems/actionpack-4.1.5/lib/action_dispatch/middleware/templates/rescues/_source.erb (0.5ms)
  Rendered /Users/Hefe/.rvm/gems/ruby-2.1.5/gems/actionpack-4.1.5/lib/action_dispatch/middleware/templates/rescues/_trace.html.erb (1.0ms)
  Rendered /Users/Hefe/.rvm/gems/ruby-2.1.5/gems/actionpack-4.1.5/lib/action_dispatch/middleware/templates/rescues/_request_and_response.html.erb (0.9ms)
  Rendered /Users/Hefe/.rvm/gems/ruby-2.1.5/gems/actionpack-4.1.5/lib/action_dispatch/middleware/templates/rescues/diagnostics.erb within rescues/layout (18.2ms)
  [1m[36m (8.9ms)[0m  [1mCREATE TABLE "schema_migrations" ("version" varchar(255) NOT NULL) [0m
  [1m[35m (0.1ms)[0m  select sqlite_version(*)
  [1m[36m (1.4ms)[0m  [1mCREATE UNIQUE INDEX "unique_schema_migrations" ON "schema_migrations" ("version")[0m
  [1m[35mActiveRecord::SchemaMigration Load (0.2ms)[0m  SELECT "schema_migrations".* FROM "schema_migrations"
Migrating to CreateMovies (20141004155951)
  [1m[36m (0.1ms)[0m  [1mbegin transaction[0m
  [1m[35m (0.4ms)[0m  CREATE TABLE "movies" ("id" INTEGER PRIMARY KEY AUTOINCREMENT NOT NULL, "title" varchar(255), "description" text, "movie_length" varchar(255), "director" varchar(255), "rating" varchar(255), "created_at" datetime, "updated_at" datetime) 
  [1m[36mSQL (0.2ms)[0m  [1mINSERT INTO "schema_migrations" ("version") VALUES (?)[0m  [["version", "20141004155951"]]
  [1m[35m (0.8ms)[0m  commit transaction
Migrating to DeviseCreateUsers (20141004160709)
  [1m[36m (0.0ms)[0m  [1mbegin transaction[0m
  [1m[35m (0.4ms)[0m  CREATE TABLE "users" ("id" INTEGER PRIMARY KEY AUTOINCREMENT NOT NULL, "email" varchar(255) DEFAULT '' NOT NULL, "encrypted_password" varchar(255) DEFAULT '' NOT NULL, "reset_password_token" varchar(255), "reset_password_sent_at" datetime, "remember_created_at" datetime, "sign_in_count" integer DEFAULT 0 NOT NULL, "current_sign_in_at" datetime, "last_sign_in_at" datetime, "current_sign_in_ip" varchar(255), "last_sign_in_ip" varchar(255), "created_at" datetime, "updated_at" datetime) 
  [1m[36m (0.9ms)[0m  [1mCREATE UNIQUE INDEX "index_users_on_email" ON "users" ("email")[0m
  [1m[35m (0.1ms)[0m              SELECT sql
            FROM sqlite_master
            WHERE name='index_users_on_email' AND type='index'
            UNION ALL
            SELECT sql
            FROM sqlite_temp_master
            WHERE name='index_users_on_email' AND type='index'

  [1m[36m (0.1ms)[0m  [1mCREATE UNIQUE INDEX "index_users_on_reset_password_token" ON "users" ("reset_password_token")[0m
  [1m[35mSQL (0.1ms)[0m  INSERT INTO "schema_migrations" ("version") VALUES (?)  [["version", "20141004160709"]]
  [1m[36m (1.1ms)[0m  [1mcommit transaction[0m
Migrating to AddUserIdToMovies (20141004160856)
  [1m[35m (0.1ms)[0m  begin transaction
  [1m[36m (0.7ms)[0m  [1mALTER TABLE "movies" ADD "user_id" integer[0m
  [1m[35mSQL (0.2ms)[0m  INSERT INTO "schema_migrations" ("version") VALUES (?)  [["version", "20141004160856"]]
  [1m[36m (0.8ms)[0m  [1mcommit transaction[0m
Migrating to AddAttachmentImageToMovies (20141004162450)
  [1m[35m (0.1ms)[0m  begin transaction
  [1m[36m (0.3ms)[0m  [1mALTER TABLE "movies" ADD "image_file_name" varchar(255)[0m
  [1m[35m (0.1ms)[0m  ALTER TABLE "movies" ADD "image_content_type" varchar(255)
  [1m[36m (0.1ms)[0m  [1mALTER TABLE "movies" ADD "image_file_size" integer[0m
  [1m[35m (0.1ms)[0m  ALTER TABLE "movies" ADD "image_updated_at" datetime
  [1m[36mSQL (0.1ms)[0m  [1mINSERT INTO "schema_migrations" ("version") VALUES (?)[0m  [["version", "20141004162450"]]
  [1m[35m (0.8ms)[0m  commit transaction
  [1m[36mActiveRecord::SchemaMigration Load (0.1ms)[0m  [1mSELECT "schema_migrations".* FROM "schema_migrations"[0m
  [1m[35m (0.1ms)[0m              SELECT sql
            FROM sqlite_master
            WHERE name='index_users_on_reset_password_token' AND type='index'
            UNION ALL
            SELECT sql
            FROM sqlite_temp_master
            WHERE name='index_users_on_reset_password_token' AND type='index'

  [1m[36m (0.1ms)[0m  [1m            SELECT sql
            FROM sqlite_master
            WHERE name='index_users_on_email' AND type='index'
            UNION ALL
            SELECT sql
            FROM sqlite_temp_master
            WHERE name='index_users_on_email' AND type='index'
[0m


Started GET "/" for 127.0.0.1 at 2015-02-24 20:48:59 -0800
  [1m[36mActiveRecord::SchemaMigration Load (0.1ms)[0m  [1mSELECT "schema_migrations".* FROM "schema_migrations"[0m
Processing by MoviesController#index as HTML
  [1m[35mMovie Load (0.1ms)[0m  SELECT "movies".* FROM "movies"
  Rendered movies/index.html.erb within layouts/application (2.1ms)
Completed 200 OK in 573ms (Views: 554.5ms | ActiveRecord: 0.1ms)


Started GET "/assets/turbolinks.js?body=1" for 127.0.0.1 at 2015-02-24 20:49:00 -0800


Started GET "/assets/movies.js?body=1" for 127.0.0.1 at 2015-02-24 20:49:00 -0800


Started GET "/assets/application.css?body=1" for 127.0.0.1 at 2015-02-24 20:49:00 -0800


Started GET "/assets/scaffolds.css?body=1" for 127.0.0.1 at 2015-02-24 20:49:00 -0800


Started GET "/assets/application.js?body=1" for 127.0.0.1 at 2015-02-24 20:49:00 -0800


Started GET "/assets/movies.css?body=1" for 127.0.0.1 at 2015-02-24 20:49:00 -0800


Started GET "/assets/jquery_ujs.js?body=1" for 127.0.0.1 at 2015-02-24 20:49:00 -0800


Started GET "/assets/jquery.js?body=1" for 127.0.0.1 at 2015-02-24 20:49:00 -0800


Started GET "/movies/new" for 127.0.0.1 at 2015-02-24 20:49:02 -0800
Processing by MoviesController#new as HTML
Completed 401 Unauthorized in 16ms


Started GET "/users/sign_in" for 127.0.0.1 at 2015-02-24 20:49:02 -0800
Processing by Devise::SessionsController#new as HTML
  Rendered devise/shared/_links.html.erb (1.3ms)
  Rendered devise/sessions/new.html.erb within layouts/application (26.8ms)
Completed 200 OK in 63ms (Views: 53.6ms | ActiveRecord: 0.4ms)


Started POST "/users/sign_in" for 127.0.0.1 at 2015-02-24 20:49:09 -0800
Processing by Devise::SessionsController#create as HTML
  Parameters: {"utf8"=>"✓", "authenticity_token"=>"x2d+7LYeRUx5HtlxMO1vO/VLUSh9ZtUcgUVJPZybjjc=", "user"=>{"email"=>"chris@example.com", "password"=>"[FILTERED]", "remember_me"=>"0"}, "commit"=>"Log in"}
  [1m[36mUser Load (0.4ms)[0m  [1mSELECT  "users".* FROM "users"  WHERE "users"."email" = 'chris@example.com'  ORDER BY "users"."id" ASC LIMIT 1[0m
Completed 401 Unauthorized in 36ms
Processing by Devise::SessionsController#new as HTML
  Parameters: {"utf8"=>"✓", "authenticity_token"=>"x2d+7LYeRUx5HtlxMO1vO/VLUSh9ZtUcgUVJPZybjjc=", "user"=>{"email"=>"chris@example.com", "password"=>"[FILTERED]", "remember_me"=>"0"}, "commit"=>"Log in"}
  Rendered devise/shared/_links.html.erb (0.4ms)
  Rendered devise/sessions/new.html.erb within layouts/application (2.7ms)
Completed 200 OK in 111ms (Views: 33.5ms | ActiveRecord: 0.0ms)


Started GET "/assets/scaffolds.css?body=1" for 127.0.0.1 at 2015-02-24 20:49:09 -0800


Started GET "/assets/movies.css?body=1" for 127.0.0.1 at 2015-02-24 20:49:09 -0800


Started GET "/assets/jquery_ujs.js?body=1" for 127.0.0.1 at 2015-02-24 20:49:09 -0800


Started GET "/assets/jquery.js?body=1" for 127.0.0.1 at 2015-02-24 20:49:09 -0800


Started GET "/assets/application.css?body=1" for 127.0.0.1 at 2015-02-24 20:49:09 -0800


Started GET "/assets/turbolinks.js?body=1" for 127.0.0.1 at 2015-02-24 20:49:09 -0800


Started GET "/assets/movies.js?body=1" for 127.0.0.1 at 2015-02-24 20:49:09 -0800


Started GET "/assets/application.js?body=1" for 127.0.0.1 at 2015-02-24 20:49:09 -0800


Started GET "/users/sign_up" for 127.0.0.1 at 2015-02-24 20:49:13 -0800
Processing by Devise::RegistrationsController#new as HTML
  Rendered devise/shared/_links.html.erb (0.6ms)
  Rendered devise/registrations/new.html.erb within layouts/application (4.0ms)
Completed 200 OK in 38ms (Views: 37.3ms | ActiveRecord: 0.0ms)


Started GET "/assets/movies.css?body=1" for 127.0.0.1 at 2015-02-24 20:49:13 -0800


Started GET "/assets/scaffolds.css?body=1" for 127.0.0.1 at 2015-02-24 20:49:13 -0800


Started GET "/assets/application.css?body=1" for 127.0.0.1 at 2015-02-24 20:49:13 -0800


Started GET "/assets/jquery.js?body=1" for 127.0.0.1 at 2015-02-24 20:49:13 -0800


Started GET "/assets/turbolinks.js?body=1" for 127.0.0.1 at 2015-02-24 20:49:13 -0800


Started GET "/assets/jquery_ujs.js?body=1" for 127.0.0.1 at 2015-02-24 20:49:13 -0800


Started GET "/assets/application.js?body=1" for 127.0.0.1 at 2015-02-24 20:49:13 -0800


Started GET "/assets/movies.js?body=1" for 127.0.0.1 at 2015-02-24 20:49:13 -0800


Started POST "/users" for 127.0.0.1 at 2015-02-24 20:49:20 -0800
Processing by Devise::RegistrationsController#create as HTML
  Parameters: {"utf8"=>"✓", "authenticity_token"=>"x2d+7LYeRUx5HtlxMO1vO/VLUSh9ZtUcgUVJPZybjjc=", "user"=>{"email"=>"chris@example.com", "password"=>"[FILTERED]", "password_confirmation"=>"[FILTERED]"}, "commit"=>"Sign up"}
  [1m[35m (0.1ms)[0m  begin transaction
  [1m[36mUser Exists (0.1ms)[0m  [1mSELECT  1 AS one FROM "users"  WHERE "users"."email" = 'chris@example.com' LIMIT 1[0m
Binary data inserted for `string` type on column `encrypted_password`
  [1m[35mSQL (1.2ms)[0m  INSERT INTO "users" ("created_at", "email", "encrypted_password", "updated_at") VALUES (?, ?, ?, ?)  [["created_at", "2015-02-25 04:49:20.257437"], ["email", "chris@example.com"], ["encrypted_password", "$2a$10$euCxUUJ4dL64vsV8h4VIH.irhClPLXy7KO/ACWm/eMaWKJNcwibu."], ["updated_at", "2015-02-25 04:49:20.257437"]]
  [1m[36m (1.2ms)[0m  [1mcommit transaction[0m
  [1m[35m (0.1ms)[0m  begin transaction
Binary data inserted for `string` type on column `current_sign_in_ip`
Binary data inserted for `string` type on column `last_sign_in_ip`
  [1m[36mSQL (0.3ms)[0m  [1mUPDATE "users" SET "current_sign_in_at" = ?, "current_sign_in_ip" = ?, "last_sign_in_at" = ?, "last_sign_in_ip" = ?, "sign_in_count" = ?, "updated_at" = ? WHERE "users"."id" = 1[0m  [["current_sign_in_at", "2015-02-25 04:49:20.264838"], ["current_sign_in_ip", "127.0.0.1"], ["last_sign_in_at", "2015-02-25 04:49:20.264838"], ["last_sign_in_ip", "127.0.0.1"], ["sign_in_count", 1], ["updated_at", "2015-02-25 04:49:20.265769"]]
  [1m[35m (0.7ms)[0m  commit transaction
Redirected to http://localhost:3000/movies/new
Completed 302 Found in 105ms (ActiveRecord: 3.8ms)


Started GET "/movies/new" for 127.0.0.1 at 2015-02-24 20:49:20 -0800
Processing by MoviesController#new as HTML
  [1m[36mUser Load (0.3ms)[0m  [1mSELECT  "users".* FROM "users"  WHERE "users"."id" = 1  ORDER BY "users"."id" ASC LIMIT 1[0m
  Rendered movies/_form.html.erb (8.0ms)
  Rendered movies/new.html.erb within layouts/application (9.0ms)
Completed 200 OK in 75ms (Views: 51.9ms | ActiveRecord: 0.6ms)


Started GET "/assets/movies.css?body=1" for 127.0.0.1 at 2015-02-24 20:49:20 -0800


Started GET "/assets/scaffolds.css?body=1" for 127.0.0.1 at 2015-02-24 20:49:20 -0800


Started GET "/assets/jquery.js?body=1" for 127.0.0.1 at 2015-02-24 20:49:20 -0800


Started GET "/assets/turbolinks.js?body=1" for 127.0.0.1 at 2015-02-24 20:49:20 -0800


Started GET "/assets/application.css?body=1" for 127.0.0.1 at 2015-02-24 20:49:20 -0800


Started GET "/assets/jquery_ujs.js?body=1" for 127.0.0.1 at 2015-02-24 20:49:20 -0800


Started GET "/assets/movies.js?body=1" for 127.0.0.1 at 2015-02-24 20:49:20 -0800


Started GET "/assets/application.js?body=1" for 127.0.0.1 at 2015-02-24 20:49:20 -0800
